{"C:\\Users\\metle\\Desktop\\Blogg\\frontend\\components\\base\\BaseIconSaveArticle.vue": {"path":"C:\\Users\\metle\\Desktop\\Blogg\\frontend\\components\\base\\BaseIconSaveArticle.vue","all":false,"statementMap":{"0":{"start":{"line":1,"column":0},"end":{"line":1,"column":10}},"1":{"start":{"line":2,"column":0},"end":{"line":2,"column":9}},"2":{"start":{"line":3,"column":0},"end":{"line":3,"column":125}},"3":{"start":{"line":4,"column":0},"end":{"line":4,"column":17}},"4":{"start":{"line":5,"column":0},"end":{"line":5,"column":327}},"5":{"start":{"line":6,"column":0},"end":{"line":6,"column":19}},"6":{"start":{"line":7,"column":0},"end":{"line":7,"column":14}},"7":{"start":{"line":8,"column":0},"end":{"line":8,"column":10}},"8":{"start":{"line":9,"column":0},"end":{"line":9,"column":11}},"9":{"start":{"line":10,"column":0},"end":{"line":10,"column":0}},"10":{"start":{"line":11,"column":0},"end":{"line":11,"column":24}},"11":{"start":{"line":12,"column":0},"end":{"line":12,"column":13}},"12":{"start":{"line":13,"column":0},"end":{"line":13,"column":21}},"13":{"start":{"line":14,"column":0},"end":{"line":14,"column":21}},"14":{"start":{"line":15,"column":0},"end":{"line":15,"column":22}},"15":{"start":{"line":16,"column":0},"end":{"line":16,"column":2}},"16":{"start":{"line":17,"column":0},"end":{"line":17,"column":0}},"17":{"start":{"line":18,"column":0},"end":{"line":18,"column":9}},"18":{"start":{"line":19,"column":0},"end":{"line":19,"column":0}},"19":{"start":{"line":20,"column":0},"end":{"line":20,"column":22}}},"s":{"0":1,"1":1,"2":1,"3":1,"4":1,"5":1,"6":1,"7":1,"8":1,"9":1,"10":1,"11":1,"12":1,"13":1,"14":1,"15":1,"16":6,"17":6,"18":6,"19":6},"branchMap":{"0":{"type":"branch","line":1,"loc":{"start":{"line":1,"column":0},"end":{"line":20,"column":22}},"locations":[{"start":{"line":1,"column":0},"end":{"line":20,"column":22}}]},"1":{"type":"branch","line":2,"loc":{"start":{"line":2,"column":1},"end":{"line":20,"column":22}},"locations":[{"start":{"line":2,"column":1},"end":{"line":20,"column":22}}]},"2":{"type":"branch","line":17,"loc":{"start":{"line":17,"column":-2},"end":{"line":20,"column":22}},"locations":[{"start":{"line":17,"column":-2},"end":{"line":20,"column":22}}]}},"b":{"0":[1],"1":[1],"2":[6]},"fnMap":{"0":{"name":"setup","decl":{"start":{"line":17,"column":-2},"end":{"line":20,"column":22}},"loc":{"start":{"line":17,"column":-2},"end":{"line":20,"column":22}},"line":17}},"f":{"0":6}}
}
